<?xml version="1.0" encoding="UTF-8"?>
<!-- Generated by org.testng.reporters.JUnitXMLReporter -->
<testsuite hostname="LAPTOP-UM7TTE4S" ignored="0" name="Test" tests="4" failures="0" timestamp="20 Apr 2024 07:45:06 GMT" time="4.278" errors="0">
  <testcase name="test01" time="1.076" classname="com.Tests.LoginTest"/>
  <testcase name="test02" time="3.177" classname="com.Tests.LoginTest"/>
  <testcase name="test03" time="0.002" classname="com.Tests.LoginTest">
    <skipped/>
  </testcase> <!-- test03 -->
  <testcase name="test04" time="0.0" classname="com.Tests.LoginTest">
    <skipped/>
  </testcase> <!-- test04 -->
</testsuite> <!-- Test -->
