<?xml version="1.0" encoding="UTF-8"?>
<testsuite xmlns:xsi="http://www.w3.org/2001/XMLSchema-instance" xsi:noNamespaceSchemaLocation="https://maven.apache.org/surefire/maven-surefire-plugin/xsd/surefire-test-report-3.0.xsd" version="3.0" name="TestSuite" time="7.679" tests="4" errors="0" skipped="2" failures="0">
  <properties>
[...]
</properties>
  <testcase name="test01" classname="com.Tests.LoginTest" time="0.786">
    <system-out><![CDATA[Reading property file for browser
04-21-2024 18:57:28 BaseClass.java INFO  [main] base.BaseClass 26 - Reading property file for browser
]]></system-out>
    <system-err><![CDATA[Starting ChromeDriver 123.0.6312.58 (6b4b19e9dfbb93aa414dc045bd445287977d8d7a-refs/branch-heads/6312_46@{#3}) on port 23962
Only local connections are allowed.
Please see https://chromedriver.chromium.org/security-considerations for suggestions on keeping ChromeDriver safe.
ChromeDriver was started successfully.
[1713706050.260][WARNING]: This version of ChromeDriver has not been tested with Chrome version 124.
Apr 21, 2024 6:57:30 PM org.openqa.selenium.remote.ProtocolHandshake createSession
INFO: Detected dialect: W3C
]]></system-err>
  </testcase>
  <testcase name="test02" classname="com.Tests.LoginTest" time="3.096">
    <system-out><![CDATA[[test mobile, Sony Vaio 30", Sony Vaio 29", Sony Vaio 28", Sony Vaio 27", Sony Vaio 26", Sony Vaio 25", Sony Vaio 24"]
]]></system-out>
  </testcase>
  <testcase name="test03" classname="com.Tests.LoginTest" time="0">
    <skipped message="Testcase skipped"/>
  </testcase>
  <testcase name="test04" classname="com.Tests.LoginTest" time="0">
    <skipped message="Testcase skipped"/>
  </testcase>
</testsuite>